<?xml version="1.0" encoding="UTF-8"?>
<testng-results skipped="0" failed="0" ignored="0" total="1" passed="1">
  <reporter-output>
  </reporter-output>
  <suite name="Default suite" duration-ms="53374" started-at="2018-01-08T04:40:35Z" finished-at="2018-01-08T04:41:28Z">
    <groups>
    </groups>
    <test name="Default test" duration-ms="53374" started-at="2018-01-08T04:40:35Z" finished-at="2018-01-08T04:41:28Z">
      <class name="shgroup_testCases.Login">
        <test-method status="PASS" signature="capabilities()[pri:0, instance:shgroup_testCases.Login@687080dc]" name="capabilities" is-config="true" duration-ms="17038" started-at="2018-01-08T10:10:35Z" finished-at="2018-01-08T10:10:52Z">
          <reporter-output>
          </reporter-output>
        </test-method> <!-- capabilities -->
        <test-method status="PASS" signature="testLogin()[pri:0, instance:shgroup_testCases.Login@687080dc]" name="testLogin" duration-ms="36297" started-at="2018-01-08T10:10:52Z" finished-at="2018-01-08T10:11:28Z">
          <reporter-output>
          </reporter-output>
        </test-method> <!-- testLogin -->
      </class> <!-- shgroup_testCases.Login -->
    </test> <!-- Default test -->
  </suite> <!-- Default suite -->
</testng-results>
